<?xml version="1.0" encoding="UTF-8"?>
<testng-results skipped="0" failed="0" total="1" passed="1">
  <reporter-output>
  </reporter-output>
  <suite name="Suite" duration-ms="39807" started-at="2019-03-14T01:05:21Z" finished-at="2019-03-14T01:06:01Z">
    <groups>
    </groups>
    <test name="Test" duration-ms="39807" started-at="2019-03-14T01:05:21Z" finished-at="2019-03-14T01:06:01Z">
      <class name="day01.baidu">
        <test-method status="PASS" signature="firefox()[pri:0, instance:day01.baidu@17ed40e0]" name="firefox" duration-ms="39793" started-at="2019-03-14T09:05:21Z" finished-at="2019-03-14T09:06:01Z">
          <reporter-output>
          </reporter-output>
        </test-method> <!-- firefox -->
      </class> <!-- day01.baidu -->
    </test> <!-- Test -->
  </suite> <!-- Suite -->
</testng-results>
